  EngineSFML.cpp
  PrimitiveRenderer.cpp
C:\Users\User\Desktop\Projketgrafika2D\Sfml_Engine_Orginal\EngineSFML\PrimitiveRenderer.cpp(27,52): warning C4244: "argument": konwersja z "int" do "float", możliwa utrata danych
C:\Users\User\Desktop\Projketgrafika2D\Sfml_Engine_Orginal\EngineSFML\PrimitiveRenderer.cpp(27,49): warning C4244: "argument": konwersja z "int" do "float", możliwa utrata danych
C:\Users\User\Desktop\Projketgrafika2D\Sfml_Engine_Orginal\EngineSFML\PrimitiveRenderer.cpp(36,52): warning C4244: "argument": konwersja z "int" do "float", możliwa utrata danych
C:\Users\User\Desktop\Projketgrafika2D\Sfml_Engine_Orginal\EngineSFML\PrimitiveRenderer.cpp(36,30): warning C4244: "argument": konwersja z "int" do "float", możliwa utrata danych
C:\Users\User\Desktop\Projketgrafika2D\Sfml_Engine_Orginal\EngineSFML\PrimitiveRenderer.cpp(47,49): warning C4244: "argument": konwersja z "int" do "float", możliwa utrata danych
C:\Users\User\Desktop\Projketgrafika2D\Sfml_Engine_Orginal\EngineSFML\PrimitiveRenderer.cpp(47,46): warning C4244: "argument": konwersja z "int" do "float", możliwa utrata danych
C:\Users\User\Desktop\Projketgrafika2D\Sfml_Engine_Orginal\EngineSFML\PrimitiveRenderer.cpp(48,22): warning C4305: "+=": obcięcie z "double" do "float"
C:\Users\User\Desktop\Projketgrafika2D\Sfml_Engine_Orginal\EngineSFML\PrimitiveRenderer.cpp(78,42): warning C4244: "argument": konwersja z "int" do "T", możliwa utrata danych
          with
          [
              T=float
          ]
C:\Users\User\Desktop\Projketgrafika2D\Sfml_Engine_Orginal\EngineSFML\PrimitiveRenderer.cpp(78,38): warning C4244: "argument": konwersja z "int" do "T", możliwa utrata danych
          with
          [
              T=float
          ]
C:\Users\User\Desktop\Projketgrafika2D\Sfml_Engine_Orginal\EngineSFML\PrimitiveRenderer.cpp(79,42): warning C4244: "argument": konwersja z "int" do "T", możliwa utrata danych
          with
          [
              T=float
          ]
C:\Users\User\Desktop\Projketgrafika2D\Sfml_Engine_Orginal\EngineSFML\PrimitiveRenderer.cpp(79,38): warning C4244: "argument": konwersja z "int" do "T", możliwa utrata danych
          with
          [
              T=float
          ]
C:\Users\User\Desktop\Projketgrafika2D\Sfml_Engine_Orginal\EngineSFML\PrimitiveRenderer.cpp(80,42): warning C4244: "argument": konwersja z "int" do "T", możliwa utrata danych
          with
          [
              T=float
          ]
C:\Users\User\Desktop\Projketgrafika2D\Sfml_Engine_Orginal\EngineSFML\PrimitiveRenderer.cpp(80,38): warning C4244: "argument": konwersja z "int" do "T", możliwa utrata danych
          with
          [
              T=float
          ]
C:\Users\User\Desktop\Projketgrafika2D\Sfml_Engine_Orginal\EngineSFML\PrimitiveRenderer.cpp(81,42): warning C4244: "argument": konwersja z "int" do "T", możliwa utrata danych
          with
          [
              T=float
          ]
C:\Users\User\Desktop\Projketgrafika2D\Sfml_Engine_Orginal\EngineSFML\PrimitiveRenderer.cpp(81,38): warning C4244: "argument": konwersja z "int" do "T", możliwa utrata danych
          with
          [
              T=float
          ]
C:\Users\User\Desktop\Projketgrafika2D\Sfml_Engine_Orginal\EngineSFML\PrimitiveRenderer.cpp(99,20): warning C4244: "inicjowanie": konwersja z "T" do "int", możliwa utrata danych
          with
          [
              T=float
          ]
C:\Users\User\Desktop\Projketgrafika2D\Sfml_Engine_Orginal\EngineSFML\PrimitiveRenderer.cpp(100,20): warning C4244: "inicjowanie": konwersja z "T" do "int", możliwa utrata danych
          with
          [
              T=float
          ]
C:\Users\User\Desktop\Projketgrafika2D\Sfml_Engine_Orginal\EngineSFML\PrimitiveRenderer.cpp(101,20): warning C4244: "inicjowanie": konwersja z "T" do "int", możliwa utrata danych
          with
          [
              T=float
          ]
C:\Users\User\Desktop\Projketgrafika2D\Sfml_Engine_Orginal\EngineSFML\PrimitiveRenderer.cpp(102,20): warning C4244: "inicjowanie": konwersja z "T" do "int", możliwa utrata danych
          with
          [
              T=float
          ]
C:\Users\User\Desktop\Projketgrafika2D\Sfml_Engine_Orginal\EngineSFML\PrimitiveRenderer.cpp(104,20): warning C4244: "inicjowanie": konwersja z "T" do "int", możliwa utrata danych
          with
          [
              T=float
          ]
C:\Users\User\Desktop\Projketgrafika2D\Sfml_Engine_Orginal\EngineSFML\PrimitiveRenderer.cpp(105,20): warning C4244: "inicjowanie": konwersja z "T" do "int", możliwa utrata danych
          with
          [
              T=float
          ]
C:\Users\User\Desktop\Projketgrafika2D\Sfml_Engine_Orginal\EngineSFML\PrimitiveRenderer.cpp(122,49): warning C4244: "argument": konwersja z "int" do "T", możliwa utrata danych
          with
          [
              T=float
          ]
C:\Users\User\Desktop\Projketgrafika2D\Sfml_Engine_Orginal\EngineSFML\PrimitiveRenderer.cpp(122,45): warning C4244: "argument": konwersja z "int" do "T", możliwa utrata danych
          with
          [
              T=float
          ]
C:\Users\User\Desktop\Projketgrafika2D\Sfml_Engine_Orginal\EngineSFML\PrimitiveRenderer.cpp(123,49): warning C4244: "argument": konwersja z "int" do "T", możliwa utrata danych
          with
          [
              T=float
          ]
C:\Users\User\Desktop\Projketgrafika2D\Sfml_Engine_Orginal\EngineSFML\PrimitiveRenderer.cpp(123,45): warning C4244: "argument": konwersja z "int" do "T", możliwa utrata danych
          with
          [
              T=float
          ]
C:\Users\User\Desktop\Projketgrafika2D\Sfml_Engine_Orginal\EngineSFML\PrimitiveRenderer.cpp(136,36): warning C4244: "argument": konwersja z "int" do "T", możliwa utrata danych
          with
          [
              T=float
          ]
C:\Users\User\Desktop\Projketgrafika2D\Sfml_Engine_Orginal\EngineSFML\PrimitiveRenderer.cpp(136,32): warning C4244: "argument": konwersja z "int" do "T", możliwa utrata danych
          with
          [
              T=float
          ]
C:\Users\User\Desktop\Projketgrafika2D\Sfml_Engine_Orginal\EngineSFML\PrimitiveRenderer.cpp(137,36): warning C4244: "argument": konwersja z "int" do "T", możliwa utrata danych
          with
          [
              T=float
          ]
C:\Users\User\Desktop\Projketgrafika2D\Sfml_Engine_Orginal\EngineSFML\PrimitiveRenderer.cpp(137,32): warning C4244: "argument": konwersja z "int" do "T", możliwa utrata danych
          with
          [
              T=float
          ]
C:\Users\User\Desktop\Projketgrafika2D\Sfml_Engine_Orginal\EngineSFML\PrimitiveRenderer.cpp(138,36): warning C4244: "argument": konwersja z "int" do "T", możliwa utrata danych
          with
          [
              T=float
          ]
C:\Users\User\Desktop\Projketgrafika2D\Sfml_Engine_Orginal\EngineSFML\PrimitiveRenderer.cpp(138,32): warning C4244: "argument": konwersja z "int" do "T", możliwa utrata danych
          with
          [
              T=float
          ]
C:\Users\User\Desktop\Projketgrafika2D\Sfml_Engine_Orginal\EngineSFML\PrimitiveRenderer.cpp(139,36): warning C4244: "argument": konwersja z "int" do "T", możliwa utrata danych
          with
          [
              T=float
          ]
C:\Users\User\Desktop\Projketgrafika2D\Sfml_Engine_Orginal\EngineSFML\PrimitiveRenderer.cpp(139,32): warning C4244: "argument": konwersja z "int" do "T", możliwa utrata danych
          with
          [
              T=float
          ]
C:\Users\User\Desktop\Projketgrafika2D\Sfml_Engine_Orginal\EngineSFML\PrimitiveRenderer.cpp(153,20): warning C4244: "inicjowanie": konwersja z "T" do "int", możliwa utrata danych
          with
          [
              T=float
          ]
C:\Users\User\Desktop\Projketgrafika2D\Sfml_Engine_Orginal\EngineSFML\PrimitiveRenderer.cpp(154,20): warning C4244: "inicjowanie": konwersja z "T" do "int", możliwa utrata danych
          with
          [
              T=float
          ]
C:\Users\User\Desktop\Projketgrafika2D\Sfml_Engine_Orginal\EngineSFML\PrimitiveRenderer.cpp(155,20): warning C4244: "inicjowanie": konwersja z "T" do "int", możliwa utrata danych
          with
          [
              T=float
          ]
C:\Users\User\Desktop\Projketgrafika2D\Sfml_Engine_Orginal\EngineSFML\PrimitiveRenderer.cpp(156,20): warning C4244: "inicjowanie": konwersja z "T" do "int", możliwa utrata danych
          with
          [
              T=float
          ]
C:\Users\User\Desktop\Projketgrafika2D\Sfml_Engine_Orginal\EngineSFML\PrimitiveRenderer.cpp(160,23): warning C4244: "inicjowanie": konwersja z "float" do "int", możliwa utrata danych
C:\Users\User\Desktop\Projketgrafika2D\Sfml_Engine_Orginal\EngineSFML\PrimitiveRenderer.cpp(172,62): warning C4244: "argument": konwersja z "int" do "T", możliwa utrata danych
          with
          [
              T=float
          ]
C:\Users\User\Desktop\Projketgrafika2D\Sfml_Engine_Orginal\EngineSFML\PrimitiveRenderer.cpp(172,59): warning C4244: "argument": konwersja z "_Ty" do "T", możliwa utrata danych
          with
          [
              _Ty=int
          ]
          and
          [
              T=float
          ]
C:\Users\User\Desktop\Projketgrafika2D\Sfml_Engine_Orginal\EngineSFML\PrimitiveRenderer.cpp(173,66): warning C4244: "argument": konwersja z "int" do "T", możliwa utrata danych
          with
          [
              T=float
          ]
C:\Users\User\Desktop\Projketgrafika2D\Sfml_Engine_Orginal\EngineSFML\PrimitiveRenderer.cpp(173,63): warning C4244: "argument": konwersja z "_Ty" do "T", możliwa utrata danych
          with
          [
              _Ty=int
          ]
          and
          [
              T=float
          ]
  Generowanie kodu...
  EngineSFML.vcxproj -> C:\Users\User\Desktop\Projketgrafika2D\Sfml_Engine_Orginal\x64\Debug\EngineSFML.exe
